<?xml version="1.0" encoding="UTF-8"?>
<!-- Generated by org.testng.reporters.JUnitXMLReporter -->
<testsuite ignored="20" hostname="DESKTOP-H7SUIF6" failures="0" tests="12" name="should login and purchase the product for valid user" time="764.042" errors="0" timestamp="2021-05-29T11:14:18 IST">
  <testcase classname="com.htc.automating.test.LoginTest" name="validLoginTest_ShouldLoginForValidUser" time="16.906"/>
  <testcase classname="com.htc.automating.test.ProfileVerificationTest" name="verifyUserNameAndGender" time="36.177"/>
  <testcase classname="com.htc.automating.test.MobileNumberVerificationTest" name="verifyUserMobileNumber" time="23.959"/>
  <testcase classname="com.htc.automating.test.UseMyCurrentLocationFunctionalityTest" name="shouldLocatePincode_AfterClickOnLocationButton" time="40.264"/>
  <testcase classname="com.htc.automating.test.AppDownloadTest" name="downloadingAppTest_ForValidUser" time="29.628"/>
  <testcase classname="com.htc.automating.test.SearchFunctionalityTest" name="searchTest_shouldDisplaySameProductsAccordingToSearch" time="21.421"/>
  <testcase classname="com.htc.automating.test.SearchFunctionalityTest" name="searchTest_shouldDisplaySameProductsAccordingToSearch" time="21.027"/>
  <testcase classname="com.htc.automating.test.ProductAddToCartTest" name="shouldAddProductToCart_ForValidUser" time="69.672"/>
  <testcase classname="com.htc.automating.test.TotalCartValueVerificationTest" name="verifyTheTotalCostOfAllProductsInCart" time="5.685"/>
  <testcase classname="com.htc.automating.test.CartEmptyTest" name="removingProductsFromCartForValidUser" time="57.973"/>
  <testcase classname="com.htc.automating.test.ProductCostVerificationTest" name="verifyCostInProductDescriptionAndOrderSummary" time="91.307"/>
  <testcase classname="com.htc.automating.test.TravelTest" name="flightsAvailabilityTest" time="44.77"/>
  <testcase classname="com.htc.automating.base.BaseTest" name="@AfterSuite tearDown" time="0.0">
    <ignored/>
  </testcase> <!-- @AfterSuite tearDown -->
  <testcase classname="com.htc.automating.base.BaseTest" name="@AfterSuite tearDown" time="0.0">
    <ignored/>
  </testcase> <!-- @AfterSuite tearDown -->
  <testcase classname="com.htc.automating.base.BaseTest" name="@AfterSuite tearDown" time="0.0">
    <ignored/>
  </testcase> <!-- @AfterSuite tearDown -->
  <testcase classname="com.htc.automating.base.BaseTest" name="@AfterSuite tearDown" time="0.0">
    <ignored/>
  </testcase> <!-- @AfterSuite tearDown -->
  <testcase classname="com.htc.automating.base.BaseTest" name="@AfterSuite tearDown" time="0.0">
    <ignored/>
  </testcase> <!-- @AfterSuite tearDown -->
  <testcase classname="com.htc.automating.base.BaseTest" name="@AfterSuite tearDown" time="0.0">
    <ignored/>
  </testcase> <!-- @AfterSuite tearDown -->
  <testcase classname="com.htc.automating.base.BaseTest" name="@AfterSuite tearDown" time="0.0">
    <ignored/>
  </testcase> <!-- @AfterSuite tearDown -->
  <testcase classname="com.htc.automating.base.BaseTest" name="@AfterSuite tearDown" time="0.0">
    <ignored/>
  </testcase> <!-- @AfterSuite tearDown -->
  <testcase classname="com.htc.automating.base.BaseTest" name="@AfterSuite tearDown" time="0.0">
    <ignored/>
  </testcase> <!-- @AfterSuite tearDown -->
  <testcase classname="com.htc.automating.base.BaseTest" name="@AfterSuite tearDown" time="0.0">
    <ignored/>
  </testcase> <!-- @AfterSuite tearDown -->
  <testcase classname="com.htc.automating.base.BaseTest" name="@BeforeSuite setup" time="0.0">
    <ignored/>
  </testcase> <!-- @BeforeSuite setup -->
  <testcase classname="com.htc.automating.base.BaseTest" name="@BeforeSuite setup" time="0.0">
    <ignored/>
  </testcase> <!-- @BeforeSuite setup -->
  <testcase classname="com.htc.automating.base.BaseTest" name="@BeforeSuite setup" time="0.0">
    <ignored/>
  </testcase> <!-- @BeforeSuite setup -->
  <testcase classname="com.htc.automating.base.BaseTest" name="@BeforeSuite setup" time="0.0">
    <ignored/>
  </testcase> <!-- @BeforeSuite setup -->
  <testcase classname="com.htc.automating.base.BaseTest" name="@BeforeSuite setup" time="0.0">
    <ignored/>
  </testcase> <!-- @BeforeSuite setup -->
  <testcase classname="com.htc.automating.base.BaseTest" name="@BeforeSuite setup" time="0.0">
    <ignored/>
  </testcase> <!-- @BeforeSuite setup -->
  <testcase classname="com.htc.automating.base.BaseTest" name="@BeforeSuite setup" time="0.0">
    <ignored/>
  </testcase> <!-- @BeforeSuite setup -->
  <testcase classname="com.htc.automating.base.BaseTest" name="@BeforeSuite setup" time="0.0">
    <ignored/>
  </testcase> <!-- @BeforeSuite setup -->
  <testcase classname="com.htc.automating.base.BaseTest" name="@BeforeSuite setup" time="0.0">
    <ignored/>
  </testcase> <!-- @BeforeSuite setup -->
  <testcase classname="com.htc.automating.base.BaseTest" name="@BeforeSuite setup" time="0.0">
    <ignored/>
  </testcase> <!-- @BeforeSuite setup -->
</testsuite> <!-- should login and purchase the product for valid user -->
