<?xml version="1.0" encoding="UTF-8"?>
<!-- Generated by org.testng.reporters.JUnitXMLReporter -->
<testsuite ignored="2" hostname="DESKTOP-H7SUIF6" failures="0" tests="8" name="should login and purchase the product for valid user" time="258.144" errors="0" timestamp="2021-03-13T13:01:12 IST">
  <testcase classname="com.htc.automating.test.LoginTest" name="validAndInvalidLoginTest_ShouldLoginForValidUser" time="22.347"/>
  <testcase classname="com.htc.automating.test.LoginTest" name="validAndInvalidLoginTest_ShouldLoginForValidUser" time="20.709"/>
  <testcase classname="com.htc.automating.test.LoginTest" name="validAndInvalidLoginTest_ShouldLoginForValidUser" time="20.802"/>
  <testcase classname="com.htc.automating.test.LoginTest" name="validAndInvalidLoginTest_ShouldLoginForValidUser" time="17.551"/>
  <testcase classname="com.htc.automating.test.ProductOrderTest" name="ProductOrderTest_ShouldCheckoutForValidUser" time="56.004"/>
  <testcase classname="com.htc.automating.test.ProductOrderTest" name="ProductOrderTest_ShouldCheckoutForValidUser" time="49.807"/>
  <testcase classname="com.htc.automating.test.ProductOrderTest" name="ProductOrderTest_ShouldCheckoutForValidUser" time="51.61"/>
  <testcase classname="com.htc.automating.test.ProductOrderTest" name="ProductOrderTest_ShouldCheckoutForValidUser" time="17.876"/>
  <testcase classname="com.htc.automating.base.BaseTest" name="@BeforeSuite setup" time="0.0">
    <ignored/>
  </testcase> <!-- @BeforeSuite setup -->
  <testcase classname="com.htc.automating.base.BaseTest" name="@AfterSuite tearDown" time="0.0">
    <ignored/>
  </testcase> <!-- @AfterSuite tearDown -->
</testsuite> <!-- should login and purchase the product for valid user -->
