<?xml version="1.0" encoding="UTF-8"?>
<!-- Generated by org.testng.reporters.JUnitXMLReporter -->
<testsuite hostname="DESKTOP-H7SUIF6" ignored="2" name="should login and purchase the product for valid user" tests="8" failures="4" timestamp="2021-03-17T19:23:27 IST" time="141.04" errors="0">
  <testcase name="validAndInvalidLoginTest_ShouldLoginForValidUser" time="25.511" classname="com.htc.automating.test.LoginTest"/>
  <testcase name="validAndInvalidLoginTest_ShouldLoginForValidUser" time="25.022" classname="com.htc.automating.test.LoginTest"/>
  <testcase name="validAndInvalidLoginTest_ShouldLoginForValidUser" time="23.961" classname="com.htc.automating.test.LoginTest"/>
  <testcase name="validAndInvalidLoginTest_ShouldLoginForValidUser" time="17.43" classname="com.htc.automating.test.LoginTest"/>
  <testcase name="ProductOrderTest_ShouldCheckoutForValidUser" time="0.002" classname="com.htc.automating.test.ProductOrderTest">
    <failure type="java.lang.NullPointerException">
      <![CDATA[java.lang.NullPointerException
at com.htc.automating.test.ProductOrderTest.ProductOrderTest_ShouldCheckoutForValidUser(ProductOrderTest.java:20)
at java.util.ArrayList.forEach(ArrayList.java:1259)
... Removed 27 stack frames]]>
    </failure>
  </testcase> <!-- ProductOrderTest_ShouldCheckoutForValidUser -->
  <testcase name="ProductOrderTest_ShouldCheckoutForValidUser" time="0.003" classname="com.htc.automating.test.ProductOrderTest">
    <failure type="java.lang.NullPointerException">
      <![CDATA[java.lang.NullPointerException
at com.htc.automating.test.ProductOrderTest.ProductOrderTest_ShouldCheckoutForValidUser(ProductOrderTest.java:20)
at java.util.ArrayList.forEach(ArrayList.java:1259)
... Removed 27 stack frames]]>
    </failure>
  </testcase> <!-- ProductOrderTest_ShouldCheckoutForValidUser -->
  <testcase name="ProductOrderTest_ShouldCheckoutForValidUser" time="0.04" classname="com.htc.automating.test.ProductOrderTest">
    <failure type="java.lang.NullPointerException">
      <![CDATA[java.lang.NullPointerException
at com.htc.automating.test.ProductOrderTest.ProductOrderTest_ShouldCheckoutForValidUser(ProductOrderTest.java:20)
at java.util.ArrayList.forEach(ArrayList.java:1259)
... Removed 27 stack frames]]>
    </failure>
  </testcase> <!-- ProductOrderTest_ShouldCheckoutForValidUser -->
  <testcase name="ProductOrderTest_ShouldCheckoutForValidUser" time="0.007" classname="com.htc.automating.test.ProductOrderTest">
    <failure type="java.lang.NullPointerException">
      <![CDATA[java.lang.NullPointerException
at com.htc.automating.test.ProductOrderTest.ProductOrderTest_ShouldCheckoutForValidUser(ProductOrderTest.java:20)
at java.util.ArrayList.forEach(ArrayList.java:1259)
... Removed 27 stack frames]]>
    </failure>
  </testcase> <!-- ProductOrderTest_ShouldCheckoutForValidUser -->
  <testcase name="@BeforeSuite setup" time="0.0" classname="com.htc.automating.base.BaseTest">
    <ignored/>
  </testcase> <!-- @BeforeSuite setup -->
  <testcase name="@AfterSuite tearDown" time="0.0" classname="com.htc.automating.base.BaseTest">
    <ignored/>
  </testcase> <!-- @AfterSuite tearDown -->
</testsuite> <!-- should login and purchase the product for valid user -->
