<?xml version="1.0" encoding="UTF-8"?>
<testng-results skipped="0" failed="4" ignored="2" total="10" passed="4">
  <reporter-output>
    <line>
      <![CDATA[Entering into login page]]>
    </line>
    <line>
      <![CDATA[Credentials are entered successfully]]>
    </line>
    <line>
      <![CDATA[Clicked on login button successfully]]>
    </line>
    <line>
      <![CDATA[Entering into login page]]>
    </line>
    <line>
      <![CDATA[Credentials are entered successfully]]>
    </line>
    <line>
      <![CDATA[Clicked on login button successfully]]>
    </line>
    <line>
      <![CDATA[Entering into login page]]>
    </line>
    <line>
      <![CDATA[Credentials are entered successfully]]>
    </line>
    <line>
      <![CDATA[Clicked on login button successfully]]>
    </line>
    <line>
      <![CDATA[Entering into login page]]>
    </line>
    <line>
      <![CDATA[Credentials are entered successfully]]>
    </line>
    <line>
      <![CDATA[Clicked on login button successfully]]>
    </line>
  </reporter-output>
  <suite name="Madison Island" duration-ms="141040" started-at="2021-03-17T19:21:05 IST" finished-at="2021-03-17T19:23:26 IST">
    <groups>
    </groups>
    <test name="should login and purchase the product for valid user" duration-ms="141040" started-at="2021-03-17T19:21:05 IST" finished-at="2021-03-17T19:23:26 IST">
      <class name="com.htc.automating.test.LoginTest">
        <test-method status="PASS" signature="setup(java.lang.String)[pri:0, instance:com.htc.automating.test.LoginTest@76f2b07d]" name="setup" is-config="true" duration-ms="9847" started-at="2021-03-17T19:20:55 IST" finished-at="2021-03-17T19:21:05 IST">
          <params>
            <param index="0">
              <value>
                <![CDATA[chrome]]>
              </value>
            </param>
          </params>
          <reporter-output>
          </reporter-output>
        </test-method> <!-- setup -->
        <test-method status="PASS" signature="validAndInvalidLoginTest_ShouldLoginForValidUser(java.util.Map)[pri:0, instance:com.htc.automating.test.LoginTest@76f2b07d]" name="validAndInvalidLoginTest_ShouldLoginForValidUser" duration-ms="25511" started-at="2021-03-17T19:21:08 IST" data-provider="LoginCredentials" finished-at="2021-03-17T19:21:34 IST">
          <params>
            <param index="0">
              <value>
                <![CDATA[{Email=abcdefghijklmnopqrstuv@gmail.com, color=Red, Size=s, Product=product-collection-image-404, Quantity=1, City=Nellore, Mobile=1234567890, Last_Name=Devasena, DOB=23-08-2000, Search=jeans, Zipcode=123456, Country=IN, Street=uwvd, Password=password1, IsValid=yes}]]>
              </value>
            </param>
          </params>
          <reporter-output>
            <line>
              <![CDATA[Entering into login page]]>
            </line>
            <line>
              <![CDATA[Credentials are entered successfully]]>
            </line>
            <line>
              <![CDATA[Clicked on login button successfully]]>
            </line>
          </reporter-output>
        </test-method> <!-- validAndInvalidLoginTest_ShouldLoginForValidUser -->
        <test-method status="PASS" signature="validAndInvalidLoginTest_ShouldLoginForValidUser(java.util.Map)[pri:0, instance:com.htc.automating.test.LoginTest@76f2b07d]" name="validAndInvalidLoginTest_ShouldLoginForValidUser" duration-ms="25022" started-at="2021-03-17T19:21:40 IST" data-provider="LoginCredentials" finished-at="2021-03-17T19:22:05 IST">
          <params>
            <param index="0">
              <value>
                <![CDATA[{Email=abcdefghijklmnopqrstu@gmail.com, color=Black, Size=s, Product=product-collection-image-417, Quantity=1, City=Nellore, Mobile=1234567891, Last_Name=Devasena, DOB=24-08-2000, Search=jeans, Zipcode=123457, Country=IN, Street=uwvd, Password=password1, IsValid=yes}]]>
              </value>
            </param>
          </params>
          <reporter-output>
            <line>
              <![CDATA[Entering into login page]]>
            </line>
            <line>
              <![CDATA[Credentials are entered successfully]]>
            </line>
            <line>
              <![CDATA[Clicked on login button successfully]]>
            </line>
          </reporter-output>
        </test-method> <!-- validAndInvalidLoginTest_ShouldLoginForValidUser -->
        <test-method status="PASS" signature="validAndInvalidLoginTest_ShouldLoginForValidUser(java.util.Map)[pri:0, instance:com.htc.automating.test.LoginTest@76f2b07d]" name="validAndInvalidLoginTest_ShouldLoginForValidUser" duration-ms="23961" started-at="2021-03-17T19:22:11 IST" data-provider="LoginCredentials" finished-at="2021-03-17T19:22:35 IST">
          <params>
            <param index="0">
              <value>
                <![CDATA[{Email=abcdefghijkpqrstuv@gmail.com, color=Red, Size=s, Product=product-collection-image-404, Quantity=1, City=Nellore, Mobile=1234567892, Last_Name=Devasena, DOB=25-08-2000, Search=jeans, Zipcode=123458, Country=IN, Street=uwvd, Password=password1, IsValid=yes}]]>
              </value>
            </param>
          </params>
          <reporter-output>
            <line>
              <![CDATA[Entering into login page]]>
            </line>
            <line>
              <![CDATA[Credentials are entered successfully]]>
            </line>
            <line>
              <![CDATA[Clicked on login button successfully]]>
            </line>
          </reporter-output>
        </test-method> <!-- validAndInvalidLoginTest_ShouldLoginForValidUser -->
        <test-method status="PASS" signature="validAndInvalidLoginTest_ShouldLoginForValidUser(java.util.Map)[pri:0, instance:com.htc.automating.test.LoginTest@76f2b07d]" name="validAndInvalidLoginTest_ShouldLoginForValidUser" duration-ms="17430" started-at="2021-03-17T19:22:41 IST" data-provider="LoginCredentials" finished-at="2021-03-17T19:22:58 IST">
          <params>
            <param index="0">
              <value>
                <![CDATA[{Email=a@gmail.com, color=Red, Size=s, Product=product-collection-image-404, Quantity=1, City=Nellore, Mobile=1234567893, Last_Name= World, DOB=26-08-2000, Search=jeans, Zipcode=123459, Country=IN, Street=uwvd, Password=jwcbkjbqdc, IsValid=no}]]>
              </value>
            </param>
          </params>
          <reporter-output>
            <line>
              <![CDATA[Entering into login page]]>
            </line>
            <line>
              <![CDATA[Credentials are entered successfully]]>
            </line>
            <line>
              <![CDATA[Clicked on login button successfully]]>
            </line>
          </reporter-output>
        </test-method> <!-- validAndInvalidLoginTest_ShouldLoginForValidUser -->
        <test-method status="PASS" signature="tearDown()[pri:0, instance:com.htc.automating.test.LoginTest@76f2b07d]" name="tearDown" is-config="true" duration-ms="237" started-at="2021-03-17T19:23:27 IST" finished-at="2021-03-17T19:23:28 IST">
          <reporter-output>
          </reporter-output>
        </test-method> <!-- tearDown -->
      </class> <!-- com.htc.automating.test.LoginTest -->
      <class name="com.htc.automating.test.ProductOrderTest">
        <test-method status="FAIL" signature="ProductOrderTest_ShouldCheckoutForValidUser(java.util.Map)[pri:0, instance:com.htc.automating.test.ProductOrderTest@704a52ec]" name="ProductOrderTest_ShouldCheckoutForValidUser" duration-ms="2" started-at="2021-03-17T19:23:04 IST" data-provider="LoginCredentials" finished-at="2021-03-17T19:23:04 IST">
          <params>
            <param index="0">
              <value>
                <![CDATA[{Email=abcdefghijklmnopqrstuv@gmail.com, color=Red, Size=s, Product=product-collection-image-404, Quantity=1, City=Nellore, Mobile=1234567890, Last_Name=Devasena, DOB=23-08-2000, Search=jeans, Zipcode=123456, Country=IN, Street=uwvd, Password=password1, IsValid=yes}]]>
              </value>
            </param>
          </params>
          <exception class="java.lang.NullPointerException">
            <full-stacktrace>
              <![CDATA[java.lang.NullPointerException
at com.htc.automating.test.ProductOrderTest.ProductOrderTest_ShouldCheckoutForValidUser(ProductOrderTest.java:20)
at sun.reflect.NativeMethodAccessorImpl.invoke0(Native Method)
at sun.reflect.NativeMethodAccessorImpl.invoke(NativeMethodAccessorImpl.java:62)
at sun.reflect.DelegatingMethodAccessorImpl.invoke(DelegatingMethodAccessorImpl.java:43)
at java.lang.reflect.Method.invoke(Method.java:498)
at org.testng.internal.MethodInvocationHelper.invokeMethod(MethodInvocationHelper.java:132)
at org.testng.internal.TestInvoker.invokeMethod(TestInvoker.java:599)
at org.testng.internal.TestInvoker.invokeTestMethod(TestInvoker.java:174)
at org.testng.internal.MethodRunner.runInSequence(MethodRunner.java:46)
at org.testng.internal.TestInvoker$MethodInvocationAgent.invoke(TestInvoker.java:822)
at org.testng.internal.TestInvoker.invokeTestMethods(TestInvoker.java:147)
at org.testng.internal.TestMethodWorker.invokeTestMethods(TestMethodWorker.java:146)
at org.testng.internal.TestMethodWorker.run(TestMethodWorker.java:128)
at java.util.ArrayList.forEach(ArrayList.java:1259)
at org.testng.TestRunner.privateRun(TestRunner.java:764)
at org.testng.TestRunner.run(TestRunner.java:585)
at org.testng.SuiteRunner.runTest(SuiteRunner.java:384)
at org.testng.SuiteRunner.runSequentially(SuiteRunner.java:378)
at org.testng.SuiteRunner.privateRun(SuiteRunner.java:337)
at org.testng.SuiteRunner.run(SuiteRunner.java:286)
at org.testng.SuiteRunnerWorker.runSuite(SuiteRunnerWorker.java:53)
at org.testng.SuiteRunnerWorker.run(SuiteRunnerWorker.java:96)
at org.testng.TestNG.runSuitesSequentially(TestNG.java:1218)
at org.testng.TestNG.runSuitesLocally(TestNG.java:1140)
at org.testng.TestNG.runSuites(TestNG.java:1069)
at org.testng.TestNG.run(TestNG.java:1037)
at org.testng.remote.AbstractRemoteTestNG.run(AbstractRemoteTestNG.java:115)
at org.testng.remote.RemoteTestNG.initAndRun(RemoteTestNG.java:251)
at org.testng.remote.RemoteTestNG.main(RemoteTestNG.java:77)
]]>
            </full-stacktrace>
          </exception> <!-- java.lang.NullPointerException -->
          <reporter-output>
          </reporter-output>
        </test-method> <!-- ProductOrderTest_ShouldCheckoutForValidUser -->
        <test-method status="FAIL" signature="ProductOrderTest_ShouldCheckoutForValidUser(java.util.Map)[pri:0, instance:com.htc.automating.test.ProductOrderTest@704a52ec]" name="ProductOrderTest_ShouldCheckoutForValidUser" duration-ms="3" started-at="2021-03-17T19:23:09 IST" data-provider="LoginCredentials" finished-at="2021-03-17T19:23:09 IST">
          <params>
            <param index="0">
              <value>
                <![CDATA[{Email=abcdefghijklmnopqrstu@gmail.com, color=Black, Size=s, Product=product-collection-image-417, Quantity=1, City=Nellore, Mobile=1234567891, Last_Name=Devasena, DOB=24-08-2000, Search=jeans, Zipcode=123457, Country=IN, Street=uwvd, Password=password1, IsValid=yes}]]>
              </value>
            </param>
          </params>
          <exception class="java.lang.NullPointerException">
            <full-stacktrace>
              <![CDATA[java.lang.NullPointerException
at com.htc.automating.test.ProductOrderTest.ProductOrderTest_ShouldCheckoutForValidUser(ProductOrderTest.java:20)
at sun.reflect.NativeMethodAccessorImpl.invoke0(Native Method)
at sun.reflect.NativeMethodAccessorImpl.invoke(NativeMethodAccessorImpl.java:62)
at sun.reflect.DelegatingMethodAccessorImpl.invoke(DelegatingMethodAccessorImpl.java:43)
at java.lang.reflect.Method.invoke(Method.java:498)
at org.testng.internal.MethodInvocationHelper.invokeMethod(MethodInvocationHelper.java:132)
at org.testng.internal.TestInvoker.invokeMethod(TestInvoker.java:599)
at org.testng.internal.TestInvoker.invokeTestMethod(TestInvoker.java:174)
at org.testng.internal.MethodRunner.runInSequence(MethodRunner.java:46)
at org.testng.internal.TestInvoker$MethodInvocationAgent.invoke(TestInvoker.java:822)
at org.testng.internal.TestInvoker.invokeTestMethods(TestInvoker.java:147)
at org.testng.internal.TestMethodWorker.invokeTestMethods(TestMethodWorker.java:146)
at org.testng.internal.TestMethodWorker.run(TestMethodWorker.java:128)
at java.util.ArrayList.forEach(ArrayList.java:1259)
at org.testng.TestRunner.privateRun(TestRunner.java:764)
at org.testng.TestRunner.run(TestRunner.java:585)
at org.testng.SuiteRunner.runTest(SuiteRunner.java:384)
at org.testng.SuiteRunner.runSequentially(SuiteRunner.java:378)
at org.testng.SuiteRunner.privateRun(SuiteRunner.java:337)
at org.testng.SuiteRunner.run(SuiteRunner.java:286)
at org.testng.SuiteRunnerWorker.runSuite(SuiteRunnerWorker.java:53)
at org.testng.SuiteRunnerWorker.run(SuiteRunnerWorker.java:96)
at org.testng.TestNG.runSuitesSequentially(TestNG.java:1218)
at org.testng.TestNG.runSuitesLocally(TestNG.java:1140)
at org.testng.TestNG.runSuites(TestNG.java:1069)
at org.testng.TestNG.run(TestNG.java:1037)
at org.testng.remote.AbstractRemoteTestNG.run(AbstractRemoteTestNG.java:115)
at org.testng.remote.RemoteTestNG.initAndRun(RemoteTestNG.java:251)
at org.testng.remote.RemoteTestNG.main(RemoteTestNG.java:77)
]]>
            </full-stacktrace>
          </exception> <!-- java.lang.NullPointerException -->
          <reporter-output>
          </reporter-output>
        </test-method> <!-- ProductOrderTest_ShouldCheckoutForValidUser -->
        <test-method status="FAIL" signature="ProductOrderTest_ShouldCheckoutForValidUser(java.util.Map)[pri:0, instance:com.htc.automating.test.ProductOrderTest@704a52ec]" name="ProductOrderTest_ShouldCheckoutForValidUser" duration-ms="40" started-at="2021-03-17T19:23:15 IST" data-provider="LoginCredentials" finished-at="2021-03-17T19:23:15 IST">
          <params>
            <param index="0">
              <value>
                <![CDATA[{Email=abcdefghijkpqrstuv@gmail.com, color=Red, Size=s, Product=product-collection-image-404, Quantity=1, City=Nellore, Mobile=1234567892, Last_Name=Devasena, DOB=25-08-2000, Search=jeans, Zipcode=123458, Country=IN, Street=uwvd, Password=password1, IsValid=yes}]]>
              </value>
            </param>
          </params>
          <exception class="java.lang.NullPointerException">
            <full-stacktrace>
              <![CDATA[java.lang.NullPointerException
at com.htc.automating.test.ProductOrderTest.ProductOrderTest_ShouldCheckoutForValidUser(ProductOrderTest.java:20)
at sun.reflect.NativeMethodAccessorImpl.invoke0(Native Method)
at sun.reflect.NativeMethodAccessorImpl.invoke(NativeMethodAccessorImpl.java:62)
at sun.reflect.DelegatingMethodAccessorImpl.invoke(DelegatingMethodAccessorImpl.java:43)
at java.lang.reflect.Method.invoke(Method.java:498)
at org.testng.internal.MethodInvocationHelper.invokeMethod(MethodInvocationHelper.java:132)
at org.testng.internal.TestInvoker.invokeMethod(TestInvoker.java:599)
at org.testng.internal.TestInvoker.invokeTestMethod(TestInvoker.java:174)
at org.testng.internal.MethodRunner.runInSequence(MethodRunner.java:46)
at org.testng.internal.TestInvoker$MethodInvocationAgent.invoke(TestInvoker.java:822)
at org.testng.internal.TestInvoker.invokeTestMethods(TestInvoker.java:147)
at org.testng.internal.TestMethodWorker.invokeTestMethods(TestMethodWorker.java:146)
at org.testng.internal.TestMethodWorker.run(TestMethodWorker.java:128)
at java.util.ArrayList.forEach(ArrayList.java:1259)
at org.testng.TestRunner.privateRun(TestRunner.java:764)
at org.testng.TestRunner.run(TestRunner.java:585)
at org.testng.SuiteRunner.runTest(SuiteRunner.java:384)
at org.testng.SuiteRunner.runSequentially(SuiteRunner.java:378)
at org.testng.SuiteRunner.privateRun(SuiteRunner.java:337)
at org.testng.SuiteRunner.run(SuiteRunner.java:286)
at org.testng.SuiteRunnerWorker.runSuite(SuiteRunnerWorker.java:53)
at org.testng.SuiteRunnerWorker.run(SuiteRunnerWorker.java:96)
at org.testng.TestNG.runSuitesSequentially(TestNG.java:1218)
at org.testng.TestNG.runSuitesLocally(TestNG.java:1140)
at org.testng.TestNG.runSuites(TestNG.java:1069)
at org.testng.TestNG.run(TestNG.java:1037)
at org.testng.remote.AbstractRemoteTestNG.run(AbstractRemoteTestNG.java:115)
at org.testng.remote.RemoteTestNG.initAndRun(RemoteTestNG.java:251)
at org.testng.remote.RemoteTestNG.main(RemoteTestNG.java:77)
]]>
            </full-stacktrace>
          </exception> <!-- java.lang.NullPointerException -->
          <reporter-output>
          </reporter-output>
        </test-method> <!-- ProductOrderTest_ShouldCheckoutForValidUser -->
        <test-method status="FAIL" signature="ProductOrderTest_ShouldCheckoutForValidUser(java.util.Map)[pri:0, instance:com.htc.automating.test.ProductOrderTest@704a52ec]" name="ProductOrderTest_ShouldCheckoutForValidUser" duration-ms="7" started-at="2021-03-17T19:23:20 IST" data-provider="LoginCredentials" finished-at="2021-03-17T19:23:20 IST">
          <params>
            <param index="0">
              <value>
                <![CDATA[{Email=a@gmail.com, color=Red, Size=s, Product=product-collection-image-404, Quantity=1, City=Nellore, Mobile=1234567893, Last_Name= World, DOB=26-08-2000, Search=jeans, Zipcode=123459, Country=IN, Street=uwvd, Password=jwcbkjbqdc, IsValid=no}]]>
              </value>
            </param>
          </params>
          <exception class="java.lang.NullPointerException">
            <full-stacktrace>
              <![CDATA[java.lang.NullPointerException
at com.htc.automating.test.ProductOrderTest.ProductOrderTest_ShouldCheckoutForValidUser(ProductOrderTest.java:20)
at sun.reflect.NativeMethodAccessorImpl.invoke0(Native Method)
at sun.reflect.NativeMethodAccessorImpl.invoke(NativeMethodAccessorImpl.java:62)
at sun.reflect.DelegatingMethodAccessorImpl.invoke(DelegatingMethodAccessorImpl.java:43)
at java.lang.reflect.Method.invoke(Method.java:498)
at org.testng.internal.MethodInvocationHelper.invokeMethod(MethodInvocationHelper.java:132)
at org.testng.internal.TestInvoker.invokeMethod(TestInvoker.java:599)
at org.testng.internal.TestInvoker.invokeTestMethod(TestInvoker.java:174)
at org.testng.internal.MethodRunner.runInSequence(MethodRunner.java:46)
at org.testng.internal.TestInvoker$MethodInvocationAgent.invoke(TestInvoker.java:822)
at org.testng.internal.TestInvoker.invokeTestMethods(TestInvoker.java:147)
at org.testng.internal.TestMethodWorker.invokeTestMethods(TestMethodWorker.java:146)
at org.testng.internal.TestMethodWorker.run(TestMethodWorker.java:128)
at java.util.ArrayList.forEach(ArrayList.java:1259)
at org.testng.TestRunner.privateRun(TestRunner.java:764)
at org.testng.TestRunner.run(TestRunner.java:585)
at org.testng.SuiteRunner.runTest(SuiteRunner.java:384)
at org.testng.SuiteRunner.runSequentially(SuiteRunner.java:378)
at org.testng.SuiteRunner.privateRun(SuiteRunner.java:337)
at org.testng.SuiteRunner.run(SuiteRunner.java:286)
at org.testng.SuiteRunnerWorker.runSuite(SuiteRunnerWorker.java:53)
at org.testng.SuiteRunnerWorker.run(SuiteRunnerWorker.java:96)
at org.testng.TestNG.runSuitesSequentially(TestNG.java:1218)
at org.testng.TestNG.runSuitesLocally(TestNG.java:1140)
at org.testng.TestNG.runSuites(TestNG.java:1069)
at org.testng.TestNG.run(TestNG.java:1037)
at org.testng.remote.AbstractRemoteTestNG.run(AbstractRemoteTestNG.java:115)
at org.testng.remote.RemoteTestNG.initAndRun(RemoteTestNG.java:251)
at org.testng.remote.RemoteTestNG.main(RemoteTestNG.java:77)
]]>
            </full-stacktrace>
          </exception> <!-- java.lang.NullPointerException -->
          <reporter-output>
          </reporter-output>
        </test-method> <!-- ProductOrderTest_ShouldCheckoutForValidUser -->
      </class> <!-- com.htc.automating.test.ProductOrderTest -->
    </test> <!-- should login and purchase the product for valid user -->
  </suite> <!-- Madison Island -->
</testng-results>
